<?xml version="1.0" encoding="UTF-8"?>
<!-- Generated by org.testng.reporters.JUnitReportReporter -->
<testsuite hostname="DESKTOP-73QOBRI" failures="0" tests="6" name="testCases.TC003_VerifyLogin" time="0.037" errors="1" timestamp="2026-05-27T19:22:31 IST" skipped="5">
  <testcase classname="testCases.TC003_VerifyLogin" name="verify_loginDDT" time="0.000">
    <skipped/>
  </testcase> <!-- verify_loginDDT -->
  <testcase classname="testCases.TC003_VerifyLogin" name="verify_loginDDT" time="0.000">
    <skipped/>
  </testcase> <!-- verify_loginDDT -->
  <testcase classname="testCases.TC003_VerifyLogin" name="verify_loginDDT" time="0.001">
    <skipped/>
  </testcase> <!-- verify_loginDDT -->
  <testcase classname="testCases.TC003_VerifyLogin" name="setup" time="0.036">
    <error message="Could not start a new session. Unable to parse remote response: Unable to find resource, invalid path in url. 
Host info: host: &#039;DESKTOP-73QOBRI&#039;, ip: &#039;192.168.56.1&#039;" type="org.openqa.selenium.SessionNotCreatedException">
      <![CDATA[org.openqa.selenium.SessionNotCreatedException: Could not start a new session. Unable to parse remote response: Unable to find resource, invalid path in url. 
Host info: host: 'DESKTOP-73QOBRI', ip: '192.168.56.1'
at org.openqa.selenium.remote.ProtocolHandshake.createSession(ProtocolHandshake.java:100)
at org.openqa.selenium.remote.ProtocolHandshake.createSession(ProtocolHandshake.java:75)
at org.openqa.selenium.remote.ProtocolHandshake.createSession(ProtocolHandshake.java:61)
at org.openqa.selenium.remote.HttpCommandExecutor.execute(HttpCommandExecutor.java:195)
at org.openqa.selenium.remote.TracedCommandExecutor.execute(TracedCommandExecutor.java:53)
at org.openqa.selenium.remote.RemoteWebDriver.execute(RemoteWebDriver.java:606)
at org.openqa.selenium.remote.RemoteWebDriver.startSession(RemoteWebDriver.java:290)
at org.openqa.selenium.remote.RemoteWebDriver.<init>(RemoteWebDriver.java:213)
at org.openqa.selenium.remote.RemoteWebDriver.<init>(RemoteWebDriver.java:173)
at org.openqa.selenium.remote.RemoteWebDriver.<init>(RemoteWebDriver.java:169)
at testCases.BaseClass.setup(BaseClass.java:65)
at java.base/jdk.internal.reflect.DirectMethodHandleAccessor.invoke(DirectMethodHandleAccessor.java:103)
at java.base/java.lang.reflect.Method.invoke(Method.java:580)
at org.testng.internal.invokers.MethodInvocationHelper.invokeMethod(MethodInvocationHelper.java:141)
at org.testng.internal.invokers.MethodInvocationHelper.invokeMethodConsideringTimeout(MethodInvocationHelper.java:71)
at org.testng.internal.invokers.ConfigInvoker.invokeConfigurationMethod(ConfigInvoker.java:400)
at org.testng.internal.invokers.ConfigInvoker.invokeConfigurations(ConfigInvoker.java:333)
at org.testng.internal.invokers.TestMethodWorker.invokeBeforeClassMethods(TestMethodWorker.java:188)
at org.testng.internal.invokers.TestMethodWorker.run(TestMethodWorker.java:128)
at java.base/java.util.ArrayList.forEach(ArrayList.java:1596)
at org.testng.TestRunner.privateRun(TestRunner.java:741)
at org.testng.TestRunner.run(TestRunner.java:616)
at org.testng.SuiteRunner.runTest(SuiteRunner.java:421)
at org.testng.SuiteRunner.runSequentially(SuiteRunner.java:413)
at org.testng.SuiteRunner.privateRun(SuiteRunner.java:373)
at org.testng.SuiteRunner.run(SuiteRunner.java:312)
at org.testng.SuiteRunnerWorker.runSuite(SuiteRunnerWorker.java:52)
at org.testng.SuiteRunnerWorker.run(SuiteRunnerWorker.java:95)
at org.testng.TestNG.runSuitesSequentially(TestNG.java:1274)
at org.testng.TestNG.runSuitesLocally(TestNG.java:1208)
at org.testng.TestNG.runSuites(TestNG.java:1112)
at org.testng.TestNG.run(TestNG.java:1079)
at org.testng.remote.AbstractRemoteTestNG.run(AbstractRemoteTestNG.java:115)
at org.testng.remote.RemoteTestNG.initAndRun(RemoteTestNG.java:293)
at org.testng.remote.RemoteTestNG.main(RemoteTestNG.java:91)
Caused by: org.openqa.selenium.json.JsonException: Unable to parse: Unable to find resource, invalid path in url.
at org.openqa.selenium.json.Json.toType(Json.java:170)
at org.openqa.selenium.json.Json.toType(Json.java:153)
at org.openqa.selenium.remote.ProtocolHandshake.createSession(ProtocolHandshake.java:96)
... 34 more
Caused by: org.openqa.selenium.json.JsonException: Unable to determine type from: U. Last 1 characters read: U, next 44 characters to read: nable to find resource, invalid path in url.
Build info: version: '4.43.0', revision: 'dd0f534'
System info: os.name: 'Windows 10', os.arch: 'amd64', os.version: '10.0', java.version: '21.0.7'
Driver info: driver.version: RemoteWebDriver
at org.openqa.selenium.json.JsonInput.peek(JsonInput.java:169)
at org.openqa.selenium.json.JsonTypeCoercer.coerce(JsonTypeCoercer.java:135)
at org.openqa.selenium.json.Json.toType(Json.java:205)
at org.openqa.selenium.json.Json.toType(Json.java:168)
... 36 more
]]>
    </error>
  </testcase> <!-- setup -->
  <testcase classname="testCases.TC003_VerifyLogin" name="verify_loginDDT" time="0.000">
    <skipped/>
  </testcase> <!-- verify_loginDDT -->
  <testcase classname="testCases.TC003_VerifyLogin" name="verify_loginDDT" time="0.000">
    <skipped/>
  </testcase> <!-- verify_loginDDT -->
</testsuite> <!-- testCases.TC003_VerifyLogin -->
